<?xml version="1.0" encoding="UTF-8"?>
<testsuite name="com.board.dev.domain.post.service.PostServiceTest" tests="8" skipped="0" failures="0" errors="0" timestamp="2021-05-13T08:10:55" hostname="stitch-mac.local" time="0.508">
  <properties/>
  <testcase name="내 게시글 조회()" classname="com.board.dev.domain.post.service.PostServiceTest" time="0.42"/>
  <testcase name="내 게시글 조회 - 없을 때()" classname="com.board.dev.domain.post.service.PostServiceTest" time="0.005"/>
  <testcase name="모든 게시글 조회()" classname="com.board.dev.domain.post.service.PostServiceTest" time="0.017"/>
  <testcase name="글 작성()" classname="com.board.dev.domain.post.service.PostServiceTest" time="0.006"/>
  <testcase name="작성자가 아닐때 글 수정 실패()" classname="com.board.dev.domain.post.service.PostServiceTest" time="0.017"/>
  <testcase name="작성자일 때 글 수정()" classname="com.board.dev.domain.post.service.PostServiceTest" time="0.008"/>
  <testcase name="작성자가 아닐때 글 삭제 실패()" classname="com.board.dev.domain.post.service.PostServiceTest" time="0.008"/>
  <testcase name="작성자일 때 글 삭제()" classname="com.board.dev.domain.post.service.PostServiceTest" time="0.023"/>
  <system-out><![CDATA[17:10:50.344 [Test worker] DEBUG org.springframework.test.context.BootstrapUtils - Instantiating CacheAwareContextLoaderDelegate from class [org.springframework.test.context.cache.DefaultCacheAwareContextLoaderDelegate]
17:10:50.353 [Test worker] DEBUG org.springframework.test.context.BootstrapUtils - Instantiating BootstrapContext using constructor [public org.springframework.test.context.support.DefaultBootstrapContext(java.lang.Class,org.springframework.test.context.CacheAwareContextLoaderDelegate)]
17:10:50.368 [Test worker] DEBUG org.springframework.test.context.BootstrapUtils - Instantiating TestContextBootstrapper for test class [com.board.dev.domain.post.service.PostServiceTest] from class [org.springframework.boot.test.context.SpringBootTestContextBootstrapper]
17:10:50.377 [Test worker] INFO org.springframework.boot.test.context.SpringBootTestContextBootstrapper - Neither @ContextConfiguration nor @ContextHierarchy found for test class [com.board.dev.domain.post.service.PostServiceTest], using SpringBootContextLoader
17:10:50.380 [Test worker] DEBUG org.springframework.test.context.support.AbstractContextLoader - Did not detect default resource location for test class [com.board.dev.domain.post.service.PostServiceTest]: class path resource [com/board/dev/domain/post/service/PostServiceTest-context.xml] does not exist
17:10:50.381 [Test worker] DEBUG org.springframework.test.context.support.AbstractContextLoader - Did not detect default resource location for test class [com.board.dev.domain.post.service.PostServiceTest]: class path resource [com/board/dev/domain/post/service/PostServiceTestContext.groovy] does not exist
17:10:50.381 [Test worker] INFO org.springframework.test.context.support.AbstractContextLoader - Could not detect default resource locations for test class [com.board.dev.domain.post.service.PostServiceTest]: no resource found for suffixes {-context.xml, Context.groovy}.
17:10:50.381 [Test worker] INFO org.springframework.test.context.support.AnnotationConfigContextLoaderUtils - Could not detect default configuration classes for test class [com.board.dev.domain.post.service.PostServiceTest]: PostServiceTest does not declare any static, non-private, non-final, nested classes annotated with @Configuration.
17:10:50.415 [Test worker] DEBUG org.springframework.test.context.support.ActiveProfilesUtils - Could not find an 'annotation declaring class' for annotation type [org.springframework.test.context.ActiveProfiles] and class [com.board.dev.domain.post.service.PostServiceTest]
17:10:50.465 [Test worker] DEBUG org.springframework.context.annotation.ClassPathScanningCandidateComponentProvider - Identified candidate component class: file [/Users/sy.choi/Desktop/Workspace/dev/build/classes/kotlin/main/com/board/dev/DevApplication.class]
17:10:50.466 [Test worker] INFO org.springframework.boot.test.context.SpringBootTestContextBootstrapper - Found @SpringBootConfiguration com.board.dev.DevApplication for test class com.board.dev.domain.post.service.PostServiceTest
17:10:50.536 [Test worker] DEBUG org.springframework.boot.test.context.SpringBootTestContextBootstrapper - @TestExecutionListeners is not present for class [com.board.dev.domain.post.service.PostServiceTest]: using defaults.
17:10:50.537 [Test worker] INFO org.springframework.boot.test.context.SpringBootTestContextBootstrapper - Loaded default TestExecutionListener class names from location [META-INF/spring.factories]: [org.springframework.security.test.context.support.WithSecurityContextTestExecutionListener, org.springframework.security.test.context.support.ReactorContextTestExecutionListener, org.springframework.boot.test.autoconfigure.restdocs.RestDocsTestExecutionListener, org.springframework.boot.test.autoconfigure.web.client.MockRestServiceServerResetTestExecutionListener, org.springframework.boot.test.autoconfigure.web.servlet.MockMvcPrintOnlyOnFailureTestExecutionListener, org.springframework.boot.test.autoconfigure.web.servlet.WebDriverTestExecutionListener, org.springframework.boot.test.autoconfigure.webservices.client.MockWebServiceServerTestExecutionListener, org.springframework.boot.test.mock.mockito.MockitoTestExecutionListener, org.springframework.boot.test.mock.mockito.ResetMocksTestExecutionListener, org.springframework.test.context.web.ServletTestExecutionListener, org.springframework.test.context.support.DirtiesContextBeforeModesTestExecutionListener, org.springframework.test.context.event.ApplicationEventsTestExecutionListener, org.springframework.test.context.support.DependencyInjectionTestExecutionListener, org.springframework.test.context.support.DirtiesContextTestExecutionListener, org.springframework.test.context.transaction.TransactionalTestExecutionListener, org.springframework.test.context.jdbc.SqlScriptsTestExecutionListener, org.springframework.test.context.event.EventPublishingTestExecutionListener]
17:10:50.550 [Test worker] INFO org.springframework.boot.test.context.SpringBootTestContextBootstrapper - Using TestExecutionListeners: [org.springframework.test.context.web.ServletTestExecutionListener@62a43274, org.springframework.test.context.support.DirtiesContextBeforeModesTestExecutionListener@5aa640e9, org.springframework.test.context.event.ApplicationEventsTestExecutionListener@4a742dc7, org.springframework.boot.test.mock.mockito.MockitoTestExecutionListener@435d94a2, org.springframework.boot.test.autoconfigure.SpringBootDependencyInjectionTestExecutionListener@a9392f, org.springframework.test.context.support.DirtiesContextTestExecutionListener@68e080db, org.springframework.test.context.transaction.TransactionalTestExecutionListener@3918215, org.springframework.test.context.jdbc.SqlScriptsTestExecutionListener@2cc6fe41, org.springframework.security.test.context.support.WithSecurityContextTestExecutionListener@656fcab7, org.springframework.test.context.event.EventPublishingTestExecutionListener@9e57899, org.springframework.security.test.context.support.ReactorContextTestExecutionListener@6ebd29a, org.springframework.boot.test.autoconfigure.restdocs.RestDocsTestExecutionListener@1d4400f0, org.springframework.boot.test.autoconfigure.web.client.MockRestServiceServerResetTestExecutionListener@6654b9d, org.springframework.boot.test.autoconfigure.web.servlet.MockMvcPrintOnlyOnFailureTestExecutionListener@2466da78, org.springframework.boot.test.autoconfigure.web.servlet.WebDriverTestExecutionListener@7cc1a36c, org.springframework.boot.test.autoconfigure.webservices.client.MockWebServiceServerTestExecutionListener@41bf7f84, org.springframework.boot.test.mock.mockito.ResetMocksTestExecutionListener@6daafd8d]
17:10:50.567 [Test worker] DEBUG org.springframework.test.context.support.TestPropertySourceUtils - Adding inlined properties to environment: {spring.jmx.enabled=false, org.springframework.boot.test.context.SpringBootTestContextBootstrapper=true}

  .   ____          _            __ _ _
 /\\ / ___'_ __ _ _(_)_ __  __ _ \ \ \ \
( ( )\___ | '_ | '_| | '_ \/ _` | \ \ \ \
 \\/  ___)| |_)| | | | | || (_| |  ) ) ) )
  '  |____| .__|_| |_|_| |_\__, | / / / /
 =========|_|==============|___/=/_/_/_/
 :: Spring Boot ::                (v2.4.5)

2021-05-13 17:10:51.012  INFO 29279 --- [    Test worker] c.b.d.d.post.service.PostServiceTest     : Starting PostServiceTest using Java 11.0.11 on stitch-mac.local with PID 29279 (started by sy.choi in /Users/sy.choi/Desktop/Workspace/dev)
2021-05-13 17:10:51.014  INFO 29279 --- [    Test worker] c.b.d.d.post.service.PostServiceTest     : No active profile set, falling back to default profiles: default
2021-05-13 17:10:51.987  INFO 29279 --- [    Test worker] .s.d.r.c.RepositoryConfigurationDelegate : Bootstrapping Spring Data JPA repositories in DEFAULT mode.
2021-05-13 17:10:52.067  INFO 29279 --- [    Test worker] .s.d.r.c.RepositoryConfigurationDelegate : Finished Spring Data repository scanning in 71 ms. Found 3 JPA repository interfaces.
2021-05-13 17:10:52.601  INFO 29279 --- [    Test worker] com.zaxxer.hikari.HikariDataSource       : HikariPool-1 - Starting...
2021-05-13 17:10:52.771  INFO 29279 --- [    Test worker] com.zaxxer.hikari.HikariDataSource       : HikariPool-1 - Start completed.
2021-05-13 17:10:52.848  INFO 29279 --- [    Test worker] o.hibernate.jpa.internal.util.LogHelper  : HHH000204: Processing PersistenceUnitInfo [name: default]
2021-05-13 17:10:52.902  INFO 29279 --- [    Test worker] org.hibernate.Version                    : HHH000412: Hibernate ORM core version 5.4.30.Final
2021-05-13 17:10:53.053  INFO 29279 --- [    Test worker] o.hibernate.annotations.common.Version   : HCANN000001: Hibernate Commons Annotations {5.1.2.Final}
2021-05-13 17:10:53.182  INFO 29279 --- [    Test worker] org.hibernate.dialect.Dialect            : HHH000400: Using dialect: org.hibernate.dialect.H2Dialect
Hibernate: 
    
    drop table if exists posts CASCADE 
Hibernate: 
    
    drop table if exists replies CASCADE 
Hibernate: 
    
    drop table if exists users CASCADE 
Hibernate: 
    
    create table posts (
       id bigint generated by default as identity,
        end_date timestamp,
        home_size integer,
        requirements varchar(255),
        start_date timestamp,
        created_at timestamp,
        writer_id varchar(255),
        primary key (id)
    )
Hibernate: 
    
    create table replies (
       id bigint generated by default as identity,
        contents varchar(255),
        created_at timestamp,
        modified_at timestamp,
        writer_id varchar(255),
        post_id bigint,
        primary key (id)
    )
Hibernate: 
    
    create table users (
       id varchar(255) not null,
        name varchar(255),
        password varchar(255),
        role varchar(255),
        primary key (id)
    )
Hibernate: 
    
    alter table replies 
       add constraint FKlpjxe9eiutj9ybkgketdk1o8s 
       foreign key (post_id) 
       references posts
2021-05-13 17:10:53.645  INFO 29279 --- [    Test worker] o.h.e.t.j.p.i.JtaPlatformInitiator       : HHH000490: Using JtaPlatform implementation: [org.hibernate.engine.transaction.jta.platform.internal.NoJtaPlatform]
2021-05-13 17:10:53.653  INFO 29279 --- [    Test worker] j.LocalContainerEntityManagerFactoryBean : Initialized JPA EntityManagerFactory for persistence unit 'default'
2021-05-13 17:10:54.253  WARN 29279 --- [    Test worker] JpaBaseConfiguration$JpaWebConfiguration : spring.jpa.open-in-view is enabled by default. Therefore, database queries may be performed during view rendering. Explicitly configure spring.jpa.open-in-view to disable this warning
2021-05-13 17:10:54.361  INFO 29279 --- [    Test worker] .s.s.UserDetailsServiceAutoConfiguration : 

Using generated security password: 6211ea30-c530-4142-a29a-a89d8adcb9a3

2021-05-13 17:10:54.520  INFO 29279 --- [    Test worker] o.s.s.web.DefaultSecurityFilterChain     : Will secure any request with [org.springframework.security.web.context.request.async.WebAsyncManagerIntegrationFilter@dbd5ae2, org.springframework.security.web.context.SecurityContextPersistenceFilter@20a8a8b1, org.springframework.security.web.header.HeaderWriterFilter@10727447, org.springframework.security.web.authentication.logout.LogoutFilter@f202065, org.springframework.security.web.authentication.UsernamePasswordAuthenticationFilter@3de75117, org.springframework.security.web.authentication.ui.DefaultLoginPageGeneratingFilter@103beef7, org.springframework.security.web.authentication.ui.DefaultLogoutPageGeneratingFilter@7754dd94, org.springframework.security.web.savedrequest.RequestCacheAwareFilter@787fc9b, org.springframework.security.web.servletapi.SecurityContextHolderAwareRequestFilter@497f4f31, org.springframework.security.web.authentication.AnonymousAuthenticationFilter@3c249d2, org.springframework.security.web.session.SessionManagementFilter@1b8b2394, org.springframework.security.web.access.ExceptionTranslationFilter@5eaf5399, org.springframework.security.web.access.intercept.FilterSecurityInterceptor@52c133af]
2021-05-13 17:10:54.891  INFO 29279 --- [    Test worker] o.s.s.concurrent.ThreadPoolTaskExecutor  : Initializing ExecutorService 'applicationTaskExecutor'
2021-05-13 17:10:55.317  INFO 29279 --- [    Test worker] c.b.d.d.post.service.PostServiceTest     : Started PostServiceTest in 4.733 seconds (JVM running for 5.638)
Hibernate: 
    insert 
    into
        posts
        (id, end_date, home_size, requirements, start_date, created_at, writer_id) 
    values
        (null, ?, ?, ?, ?, ?, ?)
2021-05-13 17:10:55.398 TRACE 29279 --- [    Test worker] o.h.type.descriptor.sql.BasicBinder      : binding parameter [1] as [TIMESTAMP] - [2021-05-13T17:10:55.354726]
2021-05-13 17:10:55.402 TRACE 29279 --- [    Test worker] o.h.type.descriptor.sql.BasicBinder      : binding parameter [2] as [INTEGER] - [1]
2021-05-13 17:10:55.403 TRACE 29279 --- [    Test worker] o.h.type.descriptor.sql.BasicBinder      : binding parameter [3] as [VARCHAR] - []
2021-05-13 17:10:55.403 TRACE 29279 --- [    Test worker] o.h.type.descriptor.sql.BasicBinder      : binding parameter [4] as [TIMESTAMP] - [2021-05-13T17:10:55.354692]
2021-05-13 17:10:55.403 TRACE 29279 --- [    Test worker] o.h.type.descriptor.sql.BasicBinder      : binding parameter [5] as [TIMESTAMP] - [2021-05-13T17:10:55.354761]
2021-05-13 17:10:55.404 TRACE 29279 --- [    Test worker] o.h.type.descriptor.sql.BasicBinder      : binding parameter [6] as [VARCHAR] - [csytest]
Hibernate: 
    insert 
    into
        posts
        (id, end_date, home_size, requirements, start_date, created_at, writer_id) 
    values
        (null, ?, ?, ?, ?, ?, ?)
2021-05-13 17:10:55.419 TRACE 29279 --- [    Test worker] o.h.type.descriptor.sql.BasicBinder      : binding parameter [1] as [TIMESTAMP] - [2021-05-13T17:10:55.418564]
2021-05-13 17:10:55.419 TRACE 29279 --- [    Test worker] o.h.type.descriptor.sql.BasicBinder      : binding parameter [2] as [INTEGER] - [2]
2021-05-13 17:10:55.420 TRACE 29279 --- [    Test worker] o.h.type.descriptor.sql.BasicBinder      : binding parameter [3] as [VARCHAR] - []
2021-05-13 17:10:55.420 TRACE 29279 --- [    Test worker] o.h.type.descriptor.sql.BasicBinder      : binding parameter [4] as [TIMESTAMP] - [2021-05-13T17:10:55.418549]
2021-05-13 17:10:55.420 TRACE 29279 --- [    Test worker] o.h.type.descriptor.sql.BasicBinder      : binding parameter [5] as [TIMESTAMP] - [2021-05-13T17:10:55.418571]
2021-05-13 17:10:55.420 TRACE 29279 --- [    Test worker] o.h.type.descriptor.sql.BasicBinder      : binding parameter [6] as [VARCHAR] - [csytest]
Hibernate: 
    insert 
    into
        posts
        (id, end_date, home_size, requirements, start_date, created_at, writer_id) 
    values
        (null, ?, ?, ?, ?, ?, ?)
2021-05-13 17:10:55.422 TRACE 29279 --- [    Test worker] o.h.type.descriptor.sql.BasicBinder      : binding parameter [1] as [TIMESTAMP] - [2021-05-13T17:10:55.421689]
2021-05-13 17:10:55.422 TRACE 29279 --- [    Test worker] o.h.type.descriptor.sql.BasicBinder      : binding parameter [2] as [INTEGER] - [3]
2021-05-13 17:10:55.422 TRACE 29279 --- [    Test worker] o.h.type.descriptor.sql.BasicBinder      : binding parameter [3] as [VARCHAR] - []
2021-05-13 17:10:55.422 TRACE 29279 --- [    Test worker] o.h.type.descriptor.sql.BasicBinder      : binding parameter [4] as [TIMESTAMP] - [2021-05-13T17:10:55.421676]
2021-05-13 17:10:55.423 TRACE 29279 --- [    Test worker] o.h.type.descriptor.sql.BasicBinder      : binding parameter [5] as [TIMESTAMP] - [2021-05-13T17:10:55.421697]
2021-05-13 17:10:55.423 TRACE 29279 --- [    Test worker] o.h.type.descriptor.sql.BasicBinder      : binding parameter [6] as [VARCHAR] - [csytest]
Hibernate: 
    insert 
    into
        posts
        (id, end_date, home_size, requirements, start_date, created_at, writer_id) 
    values
        (null, ?, ?, ?, ?, ?, ?)
2021-05-13 17:10:55.424 TRACE 29279 --- [    Test worker] o.h.type.descriptor.sql.BasicBinder      : binding parameter [1] as [TIMESTAMP] - [2021-05-13T17:10:55.424251]
2021-05-13 17:10:55.425 TRACE 29279 --- [    Test worker] o.h.type.descriptor.sql.BasicBinder      : binding parameter [2] as [INTEGER] - [4]
2021-05-13 17:10:55.425 TRACE 29279 --- [    Test worker] o.h.type.descriptor.sql.BasicBinder      : binding parameter [3] as [VARCHAR] - []
2021-05-13 17:10:55.425 TRACE 29279 --- [    Test worker] o.h.type.descriptor.sql.BasicBinder      : binding parameter [4] as [TIMESTAMP] - [2021-05-13T17:10:55.424236]
2021-05-13 17:10:55.425 TRACE 29279 --- [    Test worker] o.h.type.descriptor.sql.BasicBinder      : binding parameter [5] as [TIMESTAMP] - [2021-05-13T17:10:55.424259]
2021-05-13 17:10:55.425 TRACE 29279 --- [    Test worker] o.h.type.descriptor.sql.BasicBinder      : binding parameter [6] as [VARCHAR] - [csytest]
Hibernate: 
    insert 
    into
        posts
        (id, end_date, home_size, requirements, start_date, created_at, writer_id) 
    values
        (null, ?, ?, ?, ?, ?, ?)
2021-05-13 17:10:55.427 TRACE 29279 --- [    Test worker] o.h.type.descriptor.sql.BasicBinder      : binding parameter [1] as [TIMESTAMP] - [2021-05-13T17:10:55.426652]
2021-05-13 17:10:55.427 TRACE 29279 --- [    Test worker] o.h.type.descriptor.sql.BasicBinder      : binding parameter [2] as [INTEGER] - [5]
2021-05-13 17:10:55.427 TRACE 29279 --- [    Test worker] o.h.type.descriptor.sql.BasicBinder      : binding parameter [3] as [VARCHAR] - []
2021-05-13 17:10:55.428 TRACE 29279 --- [    Test worker] o.h.type.descriptor.sql.BasicBinder      : binding parameter [4] as [TIMESTAMP] - [2021-05-13T17:10:55.426639]
2021-05-13 17:10:55.428 TRACE 29279 --- [    Test worker] o.h.type.descriptor.sql.BasicBinder      : binding parameter [5] as [TIMESTAMP] - [2021-05-13T17:10:55.426659]
2021-05-13 17:10:55.428 TRACE 29279 --- [    Test worker] o.h.type.descriptor.sql.BasicBinder      : binding parameter [6] as [VARCHAR] - [csytest]
Hibernate: 
    select
        post0_.id as id1_0_,
        post0_.end_date as end_date2_0_,
        post0_.home_size as home_siz3_0_,
        post0_.requirements as requirem4_0_,
        post0_.start_date as start_da5_0_,
        post0_.created_at as created_6_0_,
        post0_.writer_id as writer_i7_0_ 
    from
        posts post0_ 
    where
        post0_.writer_id=? 
    order by
        post0_.id desc limit ?
2021-05-13 17:10:55.817 TRACE 29279 --- [    Test worker] o.h.type.descriptor.sql.BasicBinder      : binding parameter [1] as [VARCHAR] - [csytest]
2021-05-13 17:10:55.819 TRACE 29279 --- [    Test worker] o.h.type.descriptor.sql.BasicExtractor   : extracted value ([id1_0_] : [BIGINT]) - [5]
2021-05-13 17:10:55.822 TRACE 29279 --- [    Test worker] o.h.type.descriptor.sql.BasicExtractor   : extracted value ([end_date2_0_] : [TIMESTAMP]) - [2021-05-13T17:10:55.426652]
2021-05-13 17:10:55.822 TRACE 29279 --- [    Test worker] o.h.type.descriptor.sql.BasicExtractor   : extracted value ([home_siz3_0_] : [INTEGER]) - [5]
2021-05-13 17:10:55.822 TRACE 29279 --- [    Test worker] o.h.type.descriptor.sql.BasicExtractor   : extracted value ([requirem4_0_] : [VARCHAR]) - []
2021-05-13 17:10:55.822 TRACE 29279 --- [    Test worker] o.h.type.descriptor.sql.BasicExtractor   : extracted value ([start_da5_0_] : [TIMESTAMP]) - [2021-05-13T17:10:55.426639]
2021-05-13 17:10:55.823 TRACE 29279 --- [    Test worker] o.h.type.descriptor.sql.BasicExtractor   : extracted value ([created_6_0_] : [TIMESTAMP]) - [2021-05-13T17:10:55.426659]
2021-05-13 17:10:55.823 TRACE 29279 --- [    Test worker] o.h.type.descriptor.sql.BasicExtractor   : extracted value ([writer_i7_0_] : [VARCHAR]) - [csytest]
2021-05-13 17:10:55.823 TRACE 29279 --- [    Test worker] o.h.type.descriptor.sql.BasicExtractor   : extracted value ([id1_0_] : [BIGINT]) - [4]
2021-05-13 17:10:55.823 TRACE 29279 --- [    Test worker] o.h.type.descriptor.sql.BasicExtractor   : extracted value ([end_date2_0_] : [TIMESTAMP]) - [2021-05-13T17:10:55.424251]
2021-05-13 17:10:55.824 TRACE 29279 --- [    Test worker] o.h.type.descriptor.sql.BasicExtractor   : extracted value ([home_siz3_0_] : [INTEGER]) - [4]
2021-05-13 17:10:55.824 TRACE 29279 --- [    Test worker] o.h.type.descriptor.sql.BasicExtractor   : extracted value ([requirem4_0_] : [VARCHAR]) - []
2021-05-13 17:10:55.824 TRACE 29279 --- [    Test worker] o.h.type.descriptor.sql.BasicExtractor   : extracted value ([start_da5_0_] : [TIMESTAMP]) - [2021-05-13T17:10:55.424236]
2021-05-13 17:10:55.824 TRACE 29279 --- [    Test worker] o.h.type.descriptor.sql.BasicExtractor   : extracted value ([created_6_0_] : [TIMESTAMP]) - [2021-05-13T17:10:55.424259]
2021-05-13 17:10:55.824 TRACE 29279 --- [    Test worker] o.h.type.descriptor.sql.BasicExtractor   : extracted value ([writer_i7_0_] : [VARCHAR]) - [csytest]
2021-05-13 17:10:55.825 TRACE 29279 --- [    Test worker] o.h.type.descriptor.sql.BasicExtractor   : extracted value ([id1_0_] : [BIGINT]) - [3]
2021-05-13 17:10:55.825 TRACE 29279 --- [    Test worker] o.h.type.descriptor.sql.BasicExtractor   : extracted value ([end_date2_0_] : [TIMESTAMP]) - [2021-05-13T17:10:55.421689]
2021-05-13 17:10:55.825 TRACE 29279 --- [    Test worker] o.h.type.descriptor.sql.BasicExtractor   : extracted value ([home_siz3_0_] : [INTEGER]) - [3]
2021-05-13 17:10:55.825 TRACE 29279 --- [    Test worker] o.h.type.descriptor.sql.BasicExtractor   : extracted value ([requirem4_0_] : [VARCHAR]) - []
2021-05-13 17:10:55.825 TRACE 29279 --- [    Test worker] o.h.type.descriptor.sql.BasicExtractor   : extracted value ([start_da5_0_] : [TIMESTAMP]) - [2021-05-13T17:10:55.421676]
2021-05-13 17:10:55.826 TRACE 29279 --- [    Test worker] o.h.type.descriptor.sql.BasicExtractor   : extracted value ([created_6_0_] : [TIMESTAMP]) - [2021-05-13T17:10:55.421697]
2021-05-13 17:10:55.826 TRACE 29279 --- [    Test worker] o.h.type.descriptor.sql.BasicExtractor   : extracted value ([writer_i7_0_] : [VARCHAR]) - [csytest]
2021-05-13 17:10:55.826 TRACE 29279 --- [    Test worker] o.h.type.descriptor.sql.BasicExtractor   : extracted value ([id1_0_] : [BIGINT]) - [2]
2021-05-13 17:10:55.826 TRACE 29279 --- [    Test worker] o.h.type.descriptor.sql.BasicExtractor   : extracted value ([end_date2_0_] : [TIMESTAMP]) - [2021-05-13T17:10:55.418564]
2021-05-13 17:10:55.826 TRACE 29279 --- [    Test worker] o.h.type.descriptor.sql.BasicExtractor   : extracted value ([home_siz3_0_] : [INTEGER]) - [2]
2021-05-13 17:10:55.826 TRACE 29279 --- [    Test worker] o.h.type.descriptor.sql.BasicExtractor   : extracted value ([requirem4_0_] : [VARCHAR]) - []
2021-05-13 17:10:55.826 TRACE 29279 --- [    Test worker] o.h.type.descriptor.sql.BasicExtractor   : extracted value ([start_da5_0_] : [TIMESTAMP]) - [2021-05-13T17:10:55.418549]
2021-05-13 17:10:55.827 TRACE 29279 --- [    Test worker] o.h.type.descriptor.sql.BasicExtractor   : extracted value ([created_6_0_] : [TIMESTAMP]) - [2021-05-13T17:10:55.418571]
2021-05-13 17:10:55.827 TRACE 29279 --- [    Test worker] o.h.type.descriptor.sql.BasicExtractor   : extracted value ([writer_i7_0_] : [VARCHAR]) - [csytest]
2021-05-13 17:10:55.827 TRACE 29279 --- [    Test worker] o.h.type.descriptor.sql.BasicExtractor   : extracted value ([id1_0_] : [BIGINT]) - [1]
2021-05-13 17:10:55.828 TRACE 29279 --- [    Test worker] o.h.type.descriptor.sql.BasicExtractor   : extracted value ([end_date2_0_] : [TIMESTAMP]) - [2021-05-13T17:10:55.354726]
2021-05-13 17:10:55.828 TRACE 29279 --- [    Test worker] o.h.type.descriptor.sql.BasicExtractor   : extracted value ([home_siz3_0_] : [INTEGER]) - [1]
2021-05-13 17:10:55.828 TRACE 29279 --- [    Test worker] o.h.type.descriptor.sql.BasicExtractor   : extracted value ([requirem4_0_] : [VARCHAR]) - []
2021-05-13 17:10:55.828 TRACE 29279 --- [    Test worker] o.h.type.descriptor.sql.BasicExtractor   : extracted value ([start_da5_0_] : [TIMESTAMP]) - [2021-05-13T17:10:55.354692]
2021-05-13 17:10:55.828 TRACE 29279 --- [    Test worker] o.h.type.descriptor.sql.BasicExtractor   : extracted value ([created_6_0_] : [TIMESTAMP]) - [2021-05-13T17:10:55.354761]
2021-05-13 17:10:55.828 TRACE 29279 --- [    Test worker] o.h.type.descriptor.sql.BasicExtractor   : extracted value ([writer_i7_0_] : [VARCHAR]) - [csytest]
Hibernate: 
    select
        post0_.id as id1_0_,
        post0_.end_date as end_date2_0_,
        post0_.home_size as home_siz3_0_,
        post0_.requirements as requirem4_0_,
        post0_.start_date as start_da5_0_,
        post0_.created_at as created_6_0_,
        post0_.writer_id as writer_i7_0_ 
    from
        posts post0_ 
    where
        post0_.writer_id=? 
    order by
        post0_.id desc limit ?
2021-05-13 17:10:55.855 TRACE 29279 --- [    Test worker] o.h.type.descriptor.sql.BasicBinder      : binding parameter [1] as [VARCHAR] - [csytest1]
Hibernate: 
    select
        post0_.id as id1_0_,
        post0_.end_date as end_date2_0_,
        post0_.home_size as home_siz3_0_,
        post0_.requirements as requirem4_0_,
        post0_.start_date as start_da5_0_,
        post0_.created_at as created_6_0_,
        post0_.writer_id as writer_i7_0_ 
    from
        posts post0_ limit ?
2021-05-13 17:10:55.865 TRACE 29279 --- [    Test worker] o.h.type.descriptor.sql.BasicExtractor   : extracted value ([id1_0_] : [BIGINT]) - [1]
2021-05-13 17:10:55.865 TRACE 29279 --- [    Test worker] o.h.type.descriptor.sql.BasicExtractor   : extracted value ([end_date2_0_] : [TIMESTAMP]) - [2021-05-13T17:10:55.354726]
2021-05-13 17:10:55.866 TRACE 29279 --- [    Test worker] o.h.type.descriptor.sql.BasicExtractor   : extracted value ([home_siz3_0_] : [INTEGER]) - [1]
2021-05-13 17:10:55.866 TRACE 29279 --- [    Test worker] o.h.type.descriptor.sql.BasicExtractor   : extracted value ([requirem4_0_] : [VARCHAR]) - []
2021-05-13 17:10:55.866 TRACE 29279 --- [    Test worker] o.h.type.descriptor.sql.BasicExtractor   : extracted value ([start_da5_0_] : [TIMESTAMP]) - [2021-05-13T17:10:55.354692]
2021-05-13 17:10:55.866 TRACE 29279 --- [    Test worker] o.h.type.descriptor.sql.BasicExtractor   : extracted value ([created_6_0_] : [TIMESTAMP]) - [2021-05-13T17:10:55.354761]
2021-05-13 17:10:55.866 TRACE 29279 --- [    Test worker] o.h.type.descriptor.sql.BasicExtractor   : extracted value ([writer_i7_0_] : [VARCHAR]) - [csytest]
2021-05-13 17:10:55.866 TRACE 29279 --- [    Test worker] o.h.type.descriptor.sql.BasicExtractor   : extracted value ([id1_0_] : [BIGINT]) - [2]
2021-05-13 17:10:55.866 TRACE 29279 --- [    Test worker] o.h.type.descriptor.sql.BasicExtractor   : extracted value ([end_date2_0_] : [TIMESTAMP]) - [2021-05-13T17:10:55.418564]
2021-05-13 17:10:55.867 TRACE 29279 --- [    Test worker] o.h.type.descriptor.sql.BasicExtractor   : extracted value ([home_siz3_0_] : [INTEGER]) - [2]
2021-05-13 17:10:55.867 TRACE 29279 --- [    Test worker] o.h.type.descriptor.sql.BasicExtractor   : extracted value ([requirem4_0_] : [VARCHAR]) - []
2021-05-13 17:10:55.867 TRACE 29279 --- [    Test worker] o.h.type.descriptor.sql.BasicExtractor   : extracted value ([start_da5_0_] : [TIMESTAMP]) - [2021-05-13T17:10:55.418549]
2021-05-13 17:10:55.867 TRACE 29279 --- [    Test worker] o.h.type.descriptor.sql.BasicExtractor   : extracted value ([created_6_0_] : [TIMESTAMP]) - [2021-05-13T17:10:55.418571]
2021-05-13 17:10:55.867 TRACE 29279 --- [    Test worker] o.h.type.descriptor.sql.BasicExtractor   : extracted value ([writer_i7_0_] : [VARCHAR]) - [csytest]
2021-05-13 17:10:55.867 TRACE 29279 --- [    Test worker] o.h.type.descriptor.sql.BasicExtractor   : extracted value ([id1_0_] : [BIGINT]) - [3]
2021-05-13 17:10:55.868 TRACE 29279 --- [    Test worker] o.h.type.descriptor.sql.BasicExtractor   : extracted value ([end_date2_0_] : [TIMESTAMP]) - [2021-05-13T17:10:55.421689]
2021-05-13 17:10:55.868 TRACE 29279 --- [    Test worker] o.h.type.descriptor.sql.BasicExtractor   : extracted value ([home_siz3_0_] : [INTEGER]) - [3]
2021-05-13 17:10:55.868 TRACE 29279 --- [    Test worker] o.h.type.descriptor.sql.BasicExtractor   : extracted value ([requirem4_0_] : [VARCHAR]) - []
2021-05-13 17:10:55.868 TRACE 29279 --- [    Test worker] o.h.type.descriptor.sql.BasicExtractor   : extracted value ([start_da5_0_] : [TIMESTAMP]) - [2021-05-13T17:10:55.421676]
2021-05-13 17:10:55.869 TRACE 29279 --- [    Test worker] o.h.type.descriptor.sql.BasicExtractor   : extracted value ([created_6_0_] : [TIMESTAMP]) - [2021-05-13T17:10:55.421697]
2021-05-13 17:10:55.869 TRACE 29279 --- [    Test worker] o.h.type.descriptor.sql.BasicExtractor   : extracted value ([writer_i7_0_] : [VARCHAR]) - [csytest]
2021-05-13 17:10:55.869 TRACE 29279 --- [    Test worker] o.h.type.descriptor.sql.BasicExtractor   : extracted value ([id1_0_] : [BIGINT]) - [4]
2021-05-13 17:10:55.869 TRACE 29279 --- [    Test worker] o.h.type.descriptor.sql.BasicExtractor   : extracted value ([end_date2_0_] : [TIMESTAMP]) - [2021-05-13T17:10:55.424251]
2021-05-13 17:10:55.870 TRACE 29279 --- [    Test worker] o.h.type.descriptor.sql.BasicExtractor   : extracted value ([home_siz3_0_] : [INTEGER]) - [4]
2021-05-13 17:10:55.870 TRACE 29279 --- [    Test worker] o.h.type.descriptor.sql.BasicExtractor   : extracted value ([requirem4_0_] : [VARCHAR]) - []
2021-05-13 17:10:55.870 TRACE 29279 --- [    Test worker] o.h.type.descriptor.sql.BasicExtractor   : extracted value ([start_da5_0_] : [TIMESTAMP]) - [2021-05-13T17:10:55.424236]
2021-05-13 17:10:55.870 TRACE 29279 --- [    Test worker] o.h.type.descriptor.sql.BasicExtractor   : extracted value ([created_6_0_] : [TIMESTAMP]) - [2021-05-13T17:10:55.424259]
2021-05-13 17:10:55.870 TRACE 29279 --- [    Test worker] o.h.type.descriptor.sql.BasicExtractor   : extracted value ([writer_i7_0_] : [VARCHAR]) - [csytest]
2021-05-13 17:10:55.870 TRACE 29279 --- [    Test worker] o.h.type.descriptor.sql.BasicExtractor   : extracted value ([id1_0_] : [BIGINT]) - [5]
2021-05-13 17:10:55.871 TRACE 29279 --- [    Test worker] o.h.type.descriptor.sql.BasicExtractor   : extracted value ([end_date2_0_] : [TIMESTAMP]) - [2021-05-13T17:10:55.426652]
2021-05-13 17:10:55.871 TRACE 29279 --- [    Test worker] o.h.type.descriptor.sql.BasicExtractor   : extracted value ([home_siz3_0_] : [INTEGER]) - [5]
2021-05-13 17:10:55.871 TRACE 29279 --- [    Test worker] o.h.type.descriptor.sql.BasicExtractor   : extracted value ([requirem4_0_] : [VARCHAR]) - []
2021-05-13 17:10:55.871 TRACE 29279 --- [    Test worker] o.h.type.descriptor.sql.BasicExtractor   : extracted value ([start_da5_0_] : [TIMESTAMP]) - [2021-05-13T17:10:55.426639]
2021-05-13 17:10:55.872 TRACE 29279 --- [    Test worker] o.h.type.descriptor.sql.BasicExtractor   : extracted value ([created_6_0_] : [TIMESTAMP]) - [2021-05-13T17:10:55.426659]
2021-05-13 17:10:55.872 TRACE 29279 --- [    Test worker] o.h.type.descriptor.sql.BasicExtractor   : extracted value ([writer_i7_0_] : [VARCHAR]) - [csytest]
Hibernate: 
    insert 
    into
        posts
        (id, end_date, home_size, requirements, start_date, created_at, writer_id) 
    values
        (null, ?, ?, ?, ?, ?, ?)
2021-05-13 17:10:55.878 TRACE 29279 --- [    Test worker] o.h.type.descriptor.sql.BasicBinder      : binding parameter [1] as [TIMESTAMP] - [2021-05-13T17:10:55.877255]
2021-05-13 17:10:55.878 TRACE 29279 --- [    Test worker] o.h.type.descriptor.sql.BasicBinder      : binding parameter [2] as [INTEGER] - [4]
2021-05-13 17:10:55.878 TRACE 29279 --- [    Test worker] o.h.type.descriptor.sql.BasicBinder      : binding parameter [3] as [VARCHAR] - []
2021-05-13 17:10:55.878 TRACE 29279 --- [    Test worker] o.h.type.descriptor.sql.BasicBinder      : binding parameter [4] as [TIMESTAMP] - [2021-05-13T17:10:55.877238]
2021-05-13 17:10:55.878 TRACE 29279 --- [    Test worker] o.h.type.descriptor.sql.BasicBinder      : binding parameter [5] as [TIMESTAMP] - [2021-05-13T17:10:55.877266]
2021-05-13 17:10:55.879 TRACE 29279 --- [    Test worker] o.h.type.descriptor.sql.BasicBinder      : binding parameter [6] as [VARCHAR] - [test]
Hibernate: 
    insert 
    into
        posts
        (id, end_date, home_size, requirements, start_date, created_at, writer_id) 
    values
        (null, ?, ?, ?, ?, ?, ?)
2021-05-13 17:10:55.884 TRACE 29279 --- [    Test worker] o.h.type.descriptor.sql.BasicBinder      : binding parameter [1] as [TIMESTAMP] - [2021-05-13T17:10:55.883645]
2021-05-13 17:10:55.884 TRACE 29279 --- [    Test worker] o.h.type.descriptor.sql.BasicBinder      : binding parameter [2] as [INTEGER] - [20]
2021-05-13 17:10:55.884 TRACE 29279 --- [    Test worker] o.h.type.descriptor.sql.BasicBinder      : binding parameter [3] as [VARCHAR] - []
2021-05-13 17:10:55.884 TRACE 29279 --- [    Test worker] o.h.type.descriptor.sql.BasicBinder      : binding parameter [4] as [TIMESTAMP] - [2021-05-13T17:10:55.883629]
2021-05-13 17:10:55.884 TRACE 29279 --- [    Test worker] o.h.type.descriptor.sql.BasicBinder      : binding parameter [5] as [TIMESTAMP] - [2021-05-13T17:10:55.883653]
2021-05-13 17:10:55.885 TRACE 29279 --- [    Test worker] o.h.type.descriptor.sql.BasicBinder      : binding parameter [6] as [VARCHAR] - [csytest1]
Hibernate: 
    select
        post0_.id as id1_0_0_,
        post0_.end_date as end_date2_0_0_,
        post0_.home_size as home_siz3_0_0_,
        post0_.requirements as requirem4_0_0_,
        post0_.start_date as start_da5_0_0_,
        post0_.created_at as created_6_0_0_,
        post0_.writer_id as writer_i7_0_0_ 
    from
        posts post0_ 
    where
        post0_.id=?
2021-05-13 17:10:55.891 TRACE 29279 --- [    Test worker] o.h.type.descriptor.sql.BasicBinder      : binding parameter [1] as [BIGINT] - [7]
2021-05-13 17:10:55.894 TRACE 29279 --- [    Test worker] o.h.type.descriptor.sql.BasicExtractor   : extracted value ([end_date2_0_0_] : [TIMESTAMP]) - [2021-05-13T17:10:55.883645]
2021-05-13 17:10:55.894 TRACE 29279 --- [    Test worker] o.h.type.descriptor.sql.BasicExtractor   : extracted value ([home_siz3_0_0_] : [INTEGER]) - [20]
2021-05-13 17:10:55.894 TRACE 29279 --- [    Test worker] o.h.type.descriptor.sql.BasicExtractor   : extracted value ([requirem4_0_0_] : [VARCHAR]) - []
2021-05-13 17:10:55.894 TRACE 29279 --- [    Test worker] o.h.type.descriptor.sql.BasicExtractor   : extracted value ([start_da5_0_0_] : [TIMESTAMP]) - [2021-05-13T17:10:55.883629]
2021-05-13 17:10:55.894 TRACE 29279 --- [    Test worker] o.h.type.descriptor.sql.BasicExtractor   : extracted value ([created_6_0_0_] : [TIMESTAMP]) - [2021-05-13T17:10:55.883653]
2021-05-13 17:10:55.895 TRACE 29279 --- [    Test worker] o.h.type.descriptor.sql.BasicExtractor   : extracted value ([writer_i7_0_0_] : [VARCHAR]) - [csytest1]
Hibernate: 
    insert 
    into
        posts
        (id, end_date, home_size, requirements, start_date, created_at, writer_id) 
    values
        (null, ?, ?, ?, ?, ?, ?)
2021-05-13 17:10:55.902 TRACE 29279 --- [    Test worker] o.h.type.descriptor.sql.BasicBinder      : binding parameter [1] as [TIMESTAMP] - [2021-05-13T17:10:55.901820]
2021-05-13 17:10:55.902 TRACE 29279 --- [    Test worker] o.h.type.descriptor.sql.BasicBinder      : binding parameter [2] as [INTEGER] - [20]
2021-05-13 17:10:55.902 TRACE 29279 --- [    Test worker] o.h.type.descriptor.sql.BasicBinder      : binding parameter [3] as [VARCHAR] - []
2021-05-13 17:10:55.902 TRACE 29279 --- [    Test worker] o.h.type.descriptor.sql.BasicBinder      : binding parameter [4] as [TIMESTAMP] - [2021-05-13T17:10:55.901805]
2021-05-13 17:10:55.903 TRACE 29279 --- [    Test worker] o.h.type.descriptor.sql.BasicBinder      : binding parameter [5] as [TIMESTAMP] - [2021-05-13T17:10:55.901828]
2021-05-13 17:10:55.903 TRACE 29279 --- [    Test worker] o.h.type.descriptor.sql.BasicBinder      : binding parameter [6] as [VARCHAR] - [csytest1]
Hibernate: 
    select
        post0_.id as id1_0_0_,
        post0_.end_date as end_date2_0_0_,
        post0_.home_size as home_siz3_0_0_,
        post0_.requirements as requirem4_0_0_,
        post0_.start_date as start_da5_0_0_,
        post0_.created_at as created_6_0_0_,
        post0_.writer_id as writer_i7_0_0_ 
    from
        posts post0_ 
    where
        post0_.id=?
2021-05-13 17:10:55.904 TRACE 29279 --- [    Test worker] o.h.type.descriptor.sql.BasicBinder      : binding parameter [1] as [BIGINT] - [8]
2021-05-13 17:10:55.905 TRACE 29279 --- [    Test worker] o.h.type.descriptor.sql.BasicExtractor   : extracted value ([end_date2_0_0_] : [TIMESTAMP]) - [2021-05-13T17:10:55.901820]
2021-05-13 17:10:55.905 TRACE 29279 --- [    Test worker] o.h.type.descriptor.sql.BasicExtractor   : extracted value ([home_siz3_0_0_] : [INTEGER]) - [20]
2021-05-13 17:10:55.905 TRACE 29279 --- [    Test worker] o.h.type.descriptor.sql.BasicExtractor   : extracted value ([requirem4_0_0_] : [VARCHAR]) - []
2021-05-13 17:10:55.905 TRACE 29279 --- [    Test worker] o.h.type.descriptor.sql.BasicExtractor   : extracted value ([start_da5_0_0_] : [TIMESTAMP]) - [2021-05-13T17:10:55.901805]
2021-05-13 17:10:55.906 TRACE 29279 --- [    Test worker] o.h.type.descriptor.sql.BasicExtractor   : extracted value ([created_6_0_0_] : [TIMESTAMP]) - [2021-05-13T17:10:55.901828]
2021-05-13 17:10:55.906 TRACE 29279 --- [    Test worker] o.h.type.descriptor.sql.BasicExtractor   : extracted value ([writer_i7_0_0_] : [VARCHAR]) - [csytest1]
Hibernate: 
    insert 
    into
        posts
        (id, end_date, home_size, requirements, start_date, created_at, writer_id) 
    values
        (null, ?, ?, ?, ?, ?, ?)
2021-05-13 17:10:55.910 TRACE 29279 --- [    Test worker] o.h.type.descriptor.sql.BasicBinder      : binding parameter [1] as [TIMESTAMP] - [2021-05-13T17:10:55.909671]
2021-05-13 17:10:55.910 TRACE 29279 --- [    Test worker] o.h.type.descriptor.sql.BasicBinder      : binding parameter [2] as [INTEGER] - [20]
2021-05-13 17:10:55.910 TRACE 29279 --- [    Test worker] o.h.type.descriptor.sql.BasicBinder      : binding parameter [3] as [VARCHAR] - []
2021-05-13 17:10:55.910 TRACE 29279 --- [    Test worker] o.h.type.descriptor.sql.BasicBinder      : binding parameter [4] as [TIMESTAMP] - [2021-05-13T17:10:55.909657]
2021-05-13 17:10:55.910 TRACE 29279 --- [    Test worker] o.h.type.descriptor.sql.BasicBinder      : binding parameter [5] as [TIMESTAMP] - [2021-05-13T17:10:55.909678]
2021-05-13 17:10:55.911 TRACE 29279 --- [    Test worker] o.h.type.descriptor.sql.BasicBinder      : binding parameter [6] as [VARCHAR] - [csytest1]
Hibernate: 
    select
        post0_.id as id1_0_0_,
        post0_.end_date as end_date2_0_0_,
        post0_.home_size as home_siz3_0_0_,
        post0_.requirements as requirem4_0_0_,
        post0_.start_date as start_da5_0_0_,
        post0_.created_at as created_6_0_0_,
        post0_.writer_id as writer_i7_0_0_ 
    from
        posts post0_ 
    where
        post0_.id=?
2021-05-13 17:10:55.912 TRACE 29279 --- [    Test worker] o.h.type.descriptor.sql.BasicBinder      : binding parameter [1] as [BIGINT] - [9]
2021-05-13 17:10:55.913 TRACE 29279 --- [    Test worker] o.h.type.descriptor.sql.BasicExtractor   : extracted value ([end_date2_0_0_] : [TIMESTAMP]) - [2021-05-13T17:10:55.909671]
2021-05-13 17:10:55.913 TRACE 29279 --- [    Test worker] o.h.type.descriptor.sql.BasicExtractor   : extracted value ([home_siz3_0_0_] : [INTEGER]) - [20]
2021-05-13 17:10:55.913 TRACE 29279 --- [    Test worker] o.h.type.descriptor.sql.BasicExtractor   : extracted value ([requirem4_0_0_] : [VARCHAR]) - []
2021-05-13 17:10:55.913 TRACE 29279 --- [    Test worker] o.h.type.descriptor.sql.BasicExtractor   : extracted value ([start_da5_0_0_] : [TIMESTAMP]) - [2021-05-13T17:10:55.909657]
2021-05-13 17:10:55.913 TRACE 29279 --- [    Test worker] o.h.type.descriptor.sql.BasicExtractor   : extracted value ([created_6_0_0_] : [TIMESTAMP]) - [2021-05-13T17:10:55.909678]
2021-05-13 17:10:55.913 TRACE 29279 --- [    Test worker] o.h.type.descriptor.sql.BasicExtractor   : extracted value ([writer_i7_0_0_] : [VARCHAR]) - [csytest1]
Hibernate: 
    insert 
    into
        posts
        (id, end_date, home_size, requirements, start_date, created_at, writer_id) 
    values
        (null, ?, ?, ?, ?, ?, ?)
2021-05-13 17:10:55.919 TRACE 29279 --- [    Test worker] o.h.type.descriptor.sql.BasicBinder      : binding parameter [1] as [TIMESTAMP] - [2021-05-13T17:10:55.918107]
2021-05-13 17:10:55.919 TRACE 29279 --- [    Test worker] o.h.type.descriptor.sql.BasicBinder      : binding parameter [2] as [INTEGER] - [20]
2021-05-13 17:10:55.919 TRACE 29279 --- [    Test worker] o.h.type.descriptor.sql.BasicBinder      : binding parameter [3] as [VARCHAR] - []
2021-05-13 17:10:55.919 TRACE 29279 --- [    Test worker] o.h.type.descriptor.sql.BasicBinder      : binding parameter [4] as [TIMESTAMP] - [2021-05-13T17:10:55.918091]
2021-05-13 17:10:55.919 TRACE 29279 --- [    Test worker] o.h.type.descriptor.sql.BasicBinder      : binding parameter [5] as [TIMESTAMP] - [2021-05-13T17:10:55.918115]
2021-05-13 17:10:55.919 TRACE 29279 --- [    Test worker] o.h.type.descriptor.sql.BasicBinder      : binding parameter [6] as [VARCHAR] - [csytest1]
Hibernate: 
    select
        post0_.id as id1_0_0_,
        post0_.end_date as end_date2_0_0_,
        post0_.home_size as home_siz3_0_0_,
        post0_.requirements as requirem4_0_0_,
        post0_.start_date as start_da5_0_0_,
        post0_.created_at as created_6_0_0_,
        post0_.writer_id as writer_i7_0_0_ 
    from
        posts post0_ 
    where
        post0_.id=?
2021-05-13 17:10:55.921 TRACE 29279 --- [    Test worker] o.h.type.descriptor.sql.BasicBinder      : binding parameter [1] as [BIGINT] - [10]
2021-05-13 17:10:55.922 TRACE 29279 --- [    Test worker] o.h.type.descriptor.sql.BasicExtractor   : extracted value ([end_date2_0_0_] : [TIMESTAMP]) - [2021-05-13T17:10:55.918107]
2021-05-13 17:10:55.922 TRACE 29279 --- [    Test worker] o.h.type.descriptor.sql.BasicExtractor   : extracted value ([home_siz3_0_0_] : [INTEGER]) - [20]
2021-05-13 17:10:55.922 TRACE 29279 --- [    Test worker] o.h.type.descriptor.sql.BasicExtractor   : extracted value ([requirem4_0_0_] : [VARCHAR]) - []
2021-05-13 17:10:55.922 TRACE 29279 --- [    Test worker] o.h.type.descriptor.sql.BasicExtractor   : extracted value ([start_da5_0_0_] : [TIMESTAMP]) - [2021-05-13T17:10:55.918091]
2021-05-13 17:10:55.922 TRACE 29279 --- [    Test worker] o.h.type.descriptor.sql.BasicExtractor   : extracted value ([created_6_0_0_] : [TIMESTAMP]) - [2021-05-13T17:10:55.918115]
2021-05-13 17:10:55.922 TRACE 29279 --- [    Test worker] o.h.type.descriptor.sql.BasicExtractor   : extracted value ([writer_i7_0_0_] : [VARCHAR]) - [csytest1]
Hibernate: 
    select
        post0_.id as id1_0_0_,
        post0_.end_date as end_date2_0_0_,
        post0_.home_size as home_siz3_0_0_,
        post0_.requirements as requirem4_0_0_,
        post0_.start_date as start_da5_0_0_,
        post0_.created_at as created_6_0_0_,
        post0_.writer_id as writer_i7_0_0_ 
    from
        posts post0_ 
    where
        post0_.id=?
2021-05-13 17:10:55.924 TRACE 29279 --- [    Test worker] o.h.type.descriptor.sql.BasicBinder      : binding parameter [1] as [BIGINT] - [10]
2021-05-13 17:10:55.925 TRACE 29279 --- [    Test worker] o.h.type.descriptor.sql.BasicExtractor   : extracted value ([end_date2_0_0_] : [TIMESTAMP]) - [2021-05-13T17:10:55.918107]
2021-05-13 17:10:55.925 TRACE 29279 --- [    Test worker] o.h.type.descriptor.sql.BasicExtractor   : extracted value ([home_siz3_0_0_] : [INTEGER]) - [20]
2021-05-13 17:10:55.925 TRACE 29279 --- [    Test worker] o.h.type.descriptor.sql.BasicExtractor   : extracted value ([requirem4_0_0_] : [VARCHAR]) - []
2021-05-13 17:10:55.925 TRACE 29279 --- [    Test worker] o.h.type.descriptor.sql.BasicExtractor   : extracted value ([start_da5_0_0_] : [TIMESTAMP]) - [2021-05-13T17:10:55.918091]
2021-05-13 17:10:55.925 TRACE 29279 --- [    Test worker] o.h.type.descriptor.sql.BasicExtractor   : extracted value ([created_6_0_0_] : [TIMESTAMP]) - [2021-05-13T17:10:55.918115]
2021-05-13 17:10:55.925 TRACE 29279 --- [    Test worker] o.h.type.descriptor.sql.BasicExtractor   : extracted value ([writer_i7_0_0_] : [VARCHAR]) - [csytest1]
Hibernate: 
    delete 
    from
        posts 
    where
        id=?
2021-05-13 17:10:55.934 TRACE 29279 --- [    Test worker] o.h.type.descriptor.sql.BasicBinder      : binding parameter [1] as [BIGINT] - [10]
]]></system-out>
  <system-err><![CDATA[]]></system-err>
</testsuite>
